app/build/intermediates/manifest_merge_blame_file/debug/manifest-merger-blame-debug-report.txt
1<?xml version="1.0" encoding="utf-8"?>
2<manifest xmlns:android="http://schemas.android.com/apk/res/android"
3    package="com.example.mutex"
4    android:versionCode="1"
5    android:versionName="1.0" >
6
7    <uses-sdk
8        android:minSdkVersion="16"
8-->src/main/AndroidManifest.xml
9        android:targetSdkVersion="33" />
9-->src/main/AndroidManifest.xml
10
11    <permission
11-->[androidx.core:core:1.9.0] AndroidManifest.xml:22:5-24:47
12        android:name="com.example.mutex.DYNAMIC_RECEIVER_NOT_EXPORTED_PERMISSION"
12-->[androidx.core:core:1.9.0] AndroidManifest.xml:23:9-81
13        android:protectionLevel="signature" />
13-->[androidx.core:core:1.9.0] AndroidManifest.xml:24:9-44
14
15    <uses-permission android:name="com.example.mutex.DYNAMIC_RECEIVER_NOT_EXPORTED_PERMISSION" />
15-->[androidx.core:core:1.9.0] AndroidManifest.xml:26:5-97
15-->[androidx.core:core:1.9.0] AndroidManifest.xml:26:22-94
16
17    <application
17-->src/main/AndroidManifest.xml:4:5-58:19
18        android:allowBackup="true"
18-->src/main/AndroidManifest.xml:5:9-35
19        android:appComponentFactory="androidx.core.app.CoreComponentFactory"
19-->[androidx.core:core:1.9.0] AndroidManifest.xml:28:18-86
20        android:debuggable="true"
21        android:label="@string/app_name"
21-->src/main/AndroidManifest.xml:6:9-41
22        android:supportsRtl="true"
22-->src/main/AndroidManifest.xml:7:9-35
23        android:testOnly="true"
24        android:theme="@style/Theme.SecureVault" >
24-->src/main/AndroidManifest.xml:8:9-49
25        <activity
25-->src/main/AndroidManifest.xml:9:9-15:57
26            android:name="com.example.mutex.ViewCredentialActivity"
26-->src/main/AndroidManifest.xml:10:13-51
27            android:label="View Credentials"
27-->src/main/AndroidManifest.xml:11:13-45
28            android:noHistory="true"
28-->src/main/AndroidManifest.xml:12:13-37
29            android:parentActivityName="com.example.mutex.MainActivity"
29-->src/main/AndroidManifest.xml:13:13-55
30            android:screenOrientation="portrait"
30-->src/main/AndroidManifest.xml:14:13-49
31            android:windowSoftInputMode="stateHidden" />
31-->src/main/AndroidManifest.xml:15:13-54
32        <activity
32-->src/main/AndroidManifest.xml:16:9-21:52
33            android:name="com.example.mutex.AddCredentialActivity"
33-->src/main/AndroidManifest.xml:17:13-50
34            android:label="Add Credentials"
34-->src/main/AndroidManifest.xml:18:13-44
35            android:noHistory="true"
35-->src/main/AndroidManifest.xml:19:13-37
36            android:parentActivityName="com.example.mutex.MainActivity"
36-->src/main/AndroidManifest.xml:20:13-55
37            android:screenOrientation="portrait" />
37-->src/main/AndroidManifest.xml:21:13-49
38        <activity
38-->src/main/AndroidManifest.xml:22:9-28:57
39            android:name="com.example.mutex.AccountSettingsActivity"
39-->src/main/AndroidManifest.xml:23:13-52
40            android:label="Account Settings"
40-->src/main/AndroidManifest.xml:24:13-45
41            android:noHistory="true"
41-->src/main/AndroidManifest.xml:25:13-37
42            android:parentActivityName="com.example.mutex.MainActivity"
42-->src/main/AndroidManifest.xml:26:13-55
43            android:screenOrientation="portrait"
43-->src/main/AndroidManifest.xml:27:13-49
44            android:windowSoftInputMode="stateHidden" />
44-->src/main/AndroidManifest.xml:28:13-54
45        <!-- <activity -->
46        <!-- android:name=".AboutActivity" -->
47        <!-- android:label="About" -->
48        <!-- android:noHistory="true" -->
49        <!-- android:parentActivityName=".MainActivity" -->
50        <!-- android:screenOrientation="portrait" /> -->
51        <activity
51-->src/main/AndroidManifest.xml:35:9-37:52
52            android:name="com.example.mutex.MainActivity"
52-->src/main/AndroidManifest.xml:36:13-41
53            android:screenOrientation="portrait" />
53-->src/main/AndroidManifest.xml:37:13-49
54        <activity
54-->src/main/AndroidManifest.xml:38:9-40:52
55            android:name="com.example.mutex.LoginActivity"
55-->src/main/AndroidManifest.xml:39:13-42
56            android:screenOrientation="portrait" />
56-->src/main/AndroidManifest.xml:40:13-49
57        <activity
57-->src/main/AndroidManifest.xml:41:9-46:52
58            android:name="com.example.mutex.RegisterActivity"
58-->src/main/AndroidManifest.xml:42:13-45
59            android:label="Registration"
59-->src/main/AndroidManifest.xml:43:13-41
60            android:noHistory="true"
60-->src/main/AndroidManifest.xml:44:13-37
61            android:parentActivityName="com.example.mutex.LoginActivity"
61-->src/main/AndroidManifest.xml:45:13-56
62            android:screenOrientation="portrait" />
62-->src/main/AndroidManifest.xml:46:13-49
63        <activity
63-->src/main/AndroidManifest.xml:47:9-57:20
64            android:name="com.example.mutex.PinActivity"
64-->src/main/AndroidManifest.xml:48:13-40
65            android:exported="true"
65-->src/main/AndroidManifest.xml:50:13-36
66            android:noHistory="true"
66-->src/main/AndroidManifest.xml:49:13-37
67            android:screenOrientation="portrait" >
67-->src/main/AndroidManifest.xml:51:13-49
68            <intent-filter>
68-->src/main/AndroidManifest.xml:52:13-56:29
69                <action android:name="android.intent.action.MAIN" />
69-->src/main/AndroidManifest.xml:53:17-69
69-->src/main/AndroidManifest.xml:53:25-66
70
71                <category android:name="android.intent.category.LAUNCHER" />
71-->src/main/AndroidManifest.xml:55:17-77
71-->src/main/AndroidManifest.xml:55:27-74
72            </intent-filter>
73        </activity>
74
75        <provider
75-->[androidx.emoji2:emoji2:1.2.0] AndroidManifest.xml:24:9-32:20
76            android:name="androidx.startup.InitializationProvider"
76-->[androidx.emoji2:emoji2:1.2.0] AndroidManifest.xml:25:13-67
77            android:authorities="com.example.mutex.androidx-startup"
77-->[androidx.emoji2:emoji2:1.2.0] AndroidManifest.xml:26:13-68
78            android:exported="false" >
78-->[androidx.emoji2:emoji2:1.2.0] AndroidManifest.xml:27:13-37
79            <meta-data
79-->[androidx.emoji2:emoji2:1.2.0] AndroidManifest.xml:29:13-31:52
80                android:name="androidx.emoji2.text.EmojiCompatInitializer"
80-->[androidx.emoji2:emoji2:1.2.0] AndroidManifest.xml:30:17-75
81                android:value="androidx.startup" />
81-->[androidx.emoji2:emoji2:1.2.0] AndroidManifest.xml:31:17-49
82            <meta-data
82-->[androidx.lifecycle:lifecycle-process:2.4.1] AndroidManifest.xml:31:13-33:52
83                android:name="androidx.lifecycle.ProcessLifecycleInitializer"
83-->[androidx.lifecycle:lifecycle-process:2.4.1] AndroidManifest.xml:32:17-78
84                android:value="androidx.startup" />
84-->[androidx.lifecycle:lifecycle-process:2.4.1] AndroidManifest.xml:33:17-49
85        </provider>
86    </application>
87
88</manifest>